[ 2014-02-06T18:46:08+08:00 ] 127.0.0.1 /
INFO: [ app_begin ] --START--
INFO: Run ReadHtmlCache Behavior [ RunTime:0.016094s ]
INFO: [ app_begin ] --END-- [ RunTime:0.016235s ]
NOTIC: [2] Cannot use a scalar value as an array D:\weixin\VfanCms\_Core\Lib\Core\View.class.php 第 69 行.
INFO: [ view_template ] --START--
INFO: Run LocationTemplate Behavior [ RunTime:-0.052746s ]
INFO: [ view_template ] --END-- [ RunTime:0.020810s ]
INFO: [ view_parse ] --START--
NOTIC: [8] Use of undefined constant uid - assumed 'uid' D:\weixin\VfanData\logs\Cache\Home\1c050765058ebc97c122cbb1ab9d8f98.php 第 22 行.
NOTIC: [8] Undefined index:  uid D:\weixin\VfanData\logs\Cache\Home\1c050765058ebc97c122cbb1ab9d8f98.php 第 22 行.
INFO: Run ParseTemplate Behavior [ RunTime:-0.073843s ]
INFO: [ view_parse ] --END-- [ RunTime:0.148639s ]
INFO: [ view_filter ] --START--
INFO: Run ContentReplace Behavior [ RunTime:-0.222480s ]
INFO: Run TokenBuild Behavior [ RunTime:-0.223950s ]
INFO: Run WriteHtmlCache Behavior [ RunTime:-0.225540s ]
INFO: Run ShowRuntime Behavior [ RunTime:-0.226815s ]
INFO: [ view_filter ] --END-- [ RunTime:0.005893s ]
INFO: [ view_end ] --START--
INFO: Run ShowPageTrace Behavior [ RunTime:-0.228458s ]
INFO: [ view_end ] --END-- [ RunTime:0.002099s ]

